<?xml version="1.0" encoding="UTF-8"?>
<testsuite xmlns:xsi="http://www.w3.org/2001/XMLSchema-instance" xsi:noNamespaceSchemaLocation="https://maven.apache.org/surefire/maven-surefire-plugin/xsd/surefire-test-report.xsd" name="TestGetCircleSquare" time="0.081" tests="4" errors="0" skipped="0" failures="0">
  <properties>
    <property name="java.specification.version" value="15"/>
    <property name="sun.cpu.isalist" value="amd64"/>
    <property name="sun.jnu.encoding" value="Cp1251"/>
    <property name="java.class.path" value="D:\SKILLBOX\java_basics\04_NumbersStringsAndDates\homework_4.3\GeometryCalculator\target\test-classes;D:\SKILLBOX\java_basics\04_NumbersStringsAndDates\homework_4.3\GeometryCalculator\target\classes;C:\Users\anti256\.m2\repository\org\junit\jupiter\junit-jupiter-api\5.6.2\junit-jupiter-api-5.6.2.jar;C:\Users\anti256\.m2\repository\org\apiguardian\apiguardian-api\1.1.0\apiguardian-api-1.1.0.jar;C:\Users\anti256\.m2\repository\org\opentest4j\opentest4j\1.2.0\opentest4j-1.2.0.jar;C:\Users\anti256\.m2\repository\org\junit\platform\junit-platform-commons\1.6.2\junit-platform-commons-1.6.2.jar;C:\Users\anti256\.m2\repository\org\junit\jupiter\junit-jupiter-engine\5.6.2\junit-jupiter-engine-5.6.2.jar;C:\Users\anti256\.m2\repository\org\junit\platform\junit-platform-engine\1.6.2\junit-platform-engine-1.6.2.jar;C:\Users\anti256\.m2\repository\com\puppycrawl\tools\checkstyle\8.34\checkstyle-8.34.jar;C:\Users\anti256\.m2\repository\info\picocli\picocli\4.3.2\picocli-4.3.2.jar;C:\Users\anti256\.m2\repository\antlr\antlr\2.7.7\antlr-2.7.7.jar;C:\Users\anti256\.m2\repository\org\antlr\antlr4-runtime\4.8-1\antlr4-runtime-4.8-1.jar;C:\Users\anti256\.m2\repository\commons-beanutils\commons-beanutils\1.9.4\commons-beanutils-1.9.4.jar;C:\Users\anti256\.m2\repository\commons-logging\commons-logging\1.2\commons-logging-1.2.jar;C:\Users\anti256\.m2\repository\commons-collections\commons-collections\3.2.2\commons-collections-3.2.2.jar;C:\Users\anti256\.m2\repository\com\google\guava\guava\29.0-jre\guava-29.0-jre.jar;C:\Users\anti256\.m2\repository\com\google\guava\failureaccess\1.0.1\failureaccess-1.0.1.jar;C:\Users\anti256\.m2\repository\com\google\guava\listenablefuture\9999.0-empty-to-avoid-conflict-with-guava\listenablefuture-9999.0-empty-to-avoid-conflict-with-guava.jar;C:\Users\anti256\.m2\repository\com\google\code\findbugs\jsr305\3.0.2\jsr305-3.0.2.jar;C:\Users\anti256\.m2\repository\org\checkerframework\checker-qual\2.11.1\checker-qual-2.11.1.jar;C:\Users\anti256\.m2\repository\com\google\errorprone\error_prone_annotations\2.3.4\error_prone_annotations-2.3.4.jar;C:\Users\anti256\.m2\repository\com\google\j2objc\j2objc-annotations\1.3\j2objc-annotations-1.3.jar;C:\Users\anti256\.m2\repository\net\sf\saxon\Saxon-HE\9.9.1-7\Saxon-HE-9.9.1-7.jar;"/>
    <property name="java.vm.vendor" value="Oracle Corporation"/>
    <property name="sun.arch.data.model" value="64"/>
    <property name="user.variant" value=""/>
    <property name="java.vendor.url" value="https://java.oracle.com/"/>
    <property name="user.timezone" value="Europe/Moscow"/>
    <property name="os.name" value="Windows 10"/>
    <property name="java.vm.specification.version" value="15"/>
    <property name="sun.java.launcher" value="SUN_STANDARD"/>
    <property name="user.country" value="RU"/>
    <property name="sun.boot.library.path" value="C:\Users\anti256\.jdks\openjdk-15\bin"/>
    <property name="sun.java.command" value="C:\Users\anti256\AppData\Local\Temp\surefire14599637563414522119\surefirebooter748708309912683594.jar C:\Users\anti256\AppData\Local\Temp\surefire14599637563414522119 2020-11-05T22-35-39_682-jvmRun1 surefire8144096864515783305tmp surefire_016045221058523928817tmp"/>
    <property name="jdk.debug" value="release"/>
    <property name="surefire.test.class.path" value="D:\SKILLBOX\java_basics\04_NumbersStringsAndDates\homework_4.3\GeometryCalculator\target\test-classes;D:\SKILLBOX\java_basics\04_NumbersStringsAndDates\homework_4.3\GeometryCalculator\target\classes;C:\Users\anti256\.m2\repository\org\junit\jupiter\junit-jupiter-api\5.6.2\junit-jupiter-api-5.6.2.jar;C:\Users\anti256\.m2\repository\org\apiguardian\apiguardian-api\1.1.0\apiguardian-api-1.1.0.jar;C:\Users\anti256\.m2\repository\org\opentest4j\opentest4j\1.2.0\opentest4j-1.2.0.jar;C:\Users\anti256\.m2\repository\org\junit\platform\junit-platform-commons\1.6.2\junit-platform-commons-1.6.2.jar;C:\Users\anti256\.m2\repository\org\junit\jupiter\junit-jupiter-engine\5.6.2\junit-jupiter-engine-5.6.2.jar;C:\Users\anti256\.m2\repository\org\junit\platform\junit-platform-engine\1.6.2\junit-platform-engine-1.6.2.jar;C:\Users\anti256\.m2\repository\com\puppycrawl\tools\checkstyle\8.34\checkstyle-8.34.jar;C:\Users\anti256\.m2\repository\info\picocli\picocli\4.3.2\picocli-4.3.2.jar;C:\Users\anti256\.m2\repository\antlr\antlr\2.7.7\antlr-2.7.7.jar;C:\Users\anti256\.m2\repository\org\antlr\antlr4-runtime\4.8-1\antlr4-runtime-4.8-1.jar;C:\Users\anti256\.m2\repository\commons-beanutils\commons-beanutils\1.9.4\commons-beanutils-1.9.4.jar;C:\Users\anti256\.m2\repository\commons-logging\commons-logging\1.2\commons-logging-1.2.jar;C:\Users\anti256\.m2\repository\commons-collections\commons-collections\3.2.2\commons-collections-3.2.2.jar;C:\Users\anti256\.m2\repository\com\google\guava\guava\29.0-jre\guava-29.0-jre.jar;C:\Users\anti256\.m2\repository\com\google\guava\failureaccess\1.0.1\failureaccess-1.0.1.jar;C:\Users\anti256\.m2\repository\com\google\guava\listenablefuture\9999.0-empty-to-avoid-conflict-with-guava\listenablefuture-9999.0-empty-to-avoid-conflict-with-guava.jar;C:\Users\anti256\.m2\repository\com\google\code\findbugs\jsr305\3.0.2\jsr305-3.0.2.jar;C:\Users\anti256\.m2\repository\org\checkerframework\checker-qual\2.11.1\checker-qual-2.11.1.jar;C:\Users\anti256\.m2\repository\com\google\errorprone\error_prone_annotations\2.3.4\error_prone_annotations-2.3.4.jar;C:\Users\anti256\.m2\repository\com\google\j2objc\j2objc-annotations\1.3\j2objc-annotations-1.3.jar;C:\Users\anti256\.m2\repository\net\sf\saxon\Saxon-HE\9.9.1-7\Saxon-HE-9.9.1-7.jar;"/>
    <property name="sun.cpu.endian" value="little"/>
    <property name="user.home" value="C:\Users\anti256"/>
    <property name="user.language" value="ru"/>
    <property name="java.specification.vendor" value="Oracle Corporation"/>
    <property name="java.version.date" value="2020-09-15"/>
    <property name="java.home" value="C:\Users\anti256\.jdks\openjdk-15"/>
    <property name="file.separator" value="\"/>
    <property name="basedir" value="D:\SKILLBOX\java_basics\04_NumbersStringsAndDates\homework_4.3\GeometryCalculator"/>
    <property name="java.vm.compressedOopsMode" value="32-bit"/>
    <property name="line.separator" value="&#10;"/>
    <property name="java.vm.specification.vendor" value="Oracle Corporation"/>
    <property name="java.specification.name" value="Java Platform API Specification"/>
    <property name="surefire.real.class.path" value="C:\Users\anti256\AppData\Local\Temp\surefire14599637563414522119\surefirebooter748708309912683594.jar"/>
    <property name="user.script" value=""/>
    <property name="sun.management.compiler" value="HotSpot 64-Bit Tiered Compilers"/>
    <property name="java.runtime.version" value="15+36-1562"/>
    <property name="user.name" value="anti256"/>
    <property name="path.separator" value=";"/>
    <property name="os.version" value="10.0"/>
    <property name="java.runtime.name" value="OpenJDK Runtime Environment"/>
    <property name="file.encoding" value="Cp1251"/>
    <property name="java.vm.name" value="OpenJDK 64-Bit Server VM"/>
    <property name="localRepository" value="C:\Users\anti256\.m2\repository"/>
    <property name="java.vendor.url.bug" value="https://bugreport.java.com/bugreport/"/>
    <property name="java.io.tmpdir" value="C:\Users\anti256\AppData\Local\Temp\"/>
    <property name="idea.version" value="2020.2.3"/>
    <property name="java.version" value="15"/>
    <property name="user.dir" value="D:\SKILLBOX\java_basics\04_NumbersStringsAndDates\homework_4.3\GeometryCalculator"/>
    <property name="os.arch" value="amd64"/>
    <property name="java.vm.specification.name" value="Java Virtual Machine Specification"/>
    <property name="sun.os.patch.level" value=""/>
    <property name="java.library.path" value="C:\Users\anti256\.jdks\openjdk-15\bin;C:\Windows\Sun\Java\bin;C:\Windows\system32;C:\Windows;C:\Program Files\Common Files\Oracle\Java\javapath;C:\Program Files (x86)\Common Files\Oracle\Java\javapath;C:\Windows\system32;C:\Windows;C:\Windows\System32\Wbem;C:\Windows\System32\WindowsPowerShell\v1.0\;C:\Windows\System32\OpenSSH\;C:\Users\anti256\AppData\Local\Microsoft\WindowsApps;C:\Users\anti256\AppData\Local\Programs\Git\cmd;."/>
    <property name="java.vm.info" value="mixed mode, sharing"/>
    <property name="java.vendor" value="Oracle Corporation"/>
    <property name="java.vm.version" value="15+36-1562"/>
    <property name="sun.io.unicode.encoding" value="UnicodeLittle"/>
    <property name="java.class.version" value="59.0"/>
  </properties>
  <testcase name="testGetCircleSquareWithPositiveIntegerNumber" classname="TestGetCircleSquare" time="0.054"/>
  <testcase name="testGetCircleSquareWithPositiveFractionalNumber" classname="TestGetCircleSquare" time="0.001"/>
  <testcase name="testGetCircleSquareWithNegativeIntegerNumber" classname="TestGetCircleSquare" time="0"/>
  <testcase name="testGetCircleSquareWithZero" classname="TestGetCircleSquare" time="0.001"/>
</testsuite>